[2026-06-05T22:12:24.108Z] GET http://localhost:5173/ → 200 (3ms, 1878B)
[2026-06-05T22:12:24.112Z] GET http://localhost:5173/@vite/client → 200 (6ms, 209925B)
[2026-06-05T22:12:24.112Z] GET http://localhost:5173/src/main.jsx?t=1780697529849 → 200 (3ms, 1860B)
[2026-06-05T22:12:24.113Z] GET http://localhost:5173/@react-refresh → 200 (5ms, 111894B)
[2026-06-05T22:12:24.118Z] GET http://localhost:5173/node_modules/.vite/deps/react.js?v=ceb670e1 → 200 (1ms, 755B)
[2026-06-05T22:12:24.118Z] GET http://localhost:5173/node_modules/.vite/deps/react-dom_client.js?v=ceb670e1 → 200 (18ms, 820919B)
[2026-06-05T22:12:24.118Z] GET http://localhost:5173/src/styles/variables.css?t=1780691759004 → 200 (4ms, 2828B)
[2026-06-05T22:12:24.118Z] GET http://localhost:5173/src/styles/globals.css → 200 (6ms, 5564B)
[2026-06-05T22:12:24.118Z] GET http://localhost:5173/src/styles/animations.css → 200 (5ms, 2943B)
[2026-06-05T22:12:24.118Z] GET http://localhost:5173/src/App.jsx?t=1780697529849 → 200 (6ms, 8243B)
[2026-06-05T22:12:24.118Z] GET http://localhost:5173/node_modules/.vite/deps/react_jsx-dev-runtime.js?v=ceb670e1 → 200 (2ms, 10510B)
[2026-06-05T22:12:24.118Z] GET http://localhost:5173/node_modules/vite/dist/client/env.mjs → 200 (10ms, 3478B)
[2026-06-05T22:12:24.119Z] GET http://localhost:5173/node_modules/.vite/deps/react-CHGKtqJi.js?v=ceb670e1 → 200 (11ms, 38673B)
[2026-06-05T22:12:24.126Z] GET http://localhost:5173/node_modules/.vite/deps/lenis.js?v=ceb670e1 → 200 (4ms, 31128B)
[2026-06-05T22:12:24.127Z] GET http://localhost:5173/src/components/Navbar.jsx?t=1780694108607 → 200 (3ms, 15264B)
[2026-06-05T22:12:24.127Z] GET http://localhost:5173/src/components/Hero.jsx?t=1780691930406 → 200 (4ms, 20643B)
[2026-06-05T22:12:24.127Z] GET http://localhost:5173/src/components/Pillars.jsx → 200 (4ms, 8647B)
[2026-06-05T22:12:24.127Z] GET http://localhost:5173/src/components/Services.jsx → 200 (4ms, 16140B)
[2026-06-05T22:12:24.127Z] GET http://localhost:5173/src/components/Process.jsx → 200 (5ms, 13154B)
[2026-06-05T22:12:24.127Z] GET http://localhost:5173/src/components/Reassurance.jsx → 200 (5ms, 16115B)
[2026-06-05T22:12:24.127Z] GET http://localhost:5173/src/components/Realisation.jsx?t=1780697529849 → 200 (4ms, 30990B)
[2026-06-05T22:12:24.127Z] GET http://localhost:5173/src/components/Tarifs.jsx → 200 (5ms, 12537B)
[2026-06-05T22:12:24.128Z] GET http://localhost:5173/src/components/Contact.jsx → 200 (5ms, 31333B)
[2026-06-05T22:12:24.128Z] GET http://localhost:5173/src/components/Footer.jsx → 200 (5ms, 17469B)
[2026-06-05T22:12:24.128Z] GET http://localhost:5173/src/components/CustomCursor.jsx → 200 (6ms, 9590B)
[2026-06-05T22:12:24.128Z] GET http://localhost:5173/src/components/ScrollToTop.jsx → 200 (6ms, 4525B)
[2026-06-05T22:12:24.131Z] GET http://localhost:5173/node_modules/.vite/deps/lucide-react.js?v=ceb670e1 → 200 (9ms, 1109265B)
[2026-06-05T22:12:24.131Z] GET http://localhost:5173/src/components/Navbar.css?t=1780694108607 → 200 (5ms, 4161B)
[2026-06-05T22:12:24.131Z] GET http://localhost:5173/src/components/Hero.css?t=1780690745310 → 200 (5ms, 4742B)
[2026-06-05T22:12:24.131Z] GET http://localhost:5173/src/components/Pillars.css → 200 (5ms, 2513B)
[2026-06-05T22:12:24.131Z] GET http://localhost:5173/src/components/Realisation.css?t=1780697529849 → 200 (6ms, 8186B)
[2026-06-05T22:12:24.132Z] GET http://localhost:5173/src/components/Services.css → 200 (4ms, 3562B)
[2026-06-05T22:12:24.132Z] GET http://localhost:5173/src/components/Reassurance.css → 200 (5ms, 2931B)
[2026-06-05T22:12:24.132Z] GET http://localhost:5173/src/components/Process.css → 200 (5ms, 3109B)
[2026-06-05T22:12:24.132Z] GET http://localhost:5173/src/components/Tarifs.css → 200 (5ms, 2626B)
[2026-06-05T22:12:24.133Z] GET http://localhost:5173/src/components/Contact.css → 200 (5ms, 4912B)
[2026-06-05T22:12:24.134Z] GET http://localhost:5173/src/components/Footer.css → 200 (3ms, 3151B)
[2026-06-05T22:12:24.136Z] GET http://localhost:5173/src/components/CustomCursor.css → 200 (2ms, 1244B)
[2026-06-05T22:12:24.136Z] GET http://localhost:5173/src/components/ScrollToTop.css → 200 (2ms, 1338B)
[2026-06-05T22:12:24.136Z] GET http://localhost:5173/node_modules/.vite/deps/react-dom.js?v=ceb670e1 → 200 (2ms, 14567B)
[2026-06-05T22:12:24.158Z] GET https://fonts.googleapis.com/css2?family=Cormorant+Garamond:ital,wght@0,600;0,700;1,600&family=DM+Sans:opsz,wght@9..40,300;9..40,400;9..40,500&display=swap → 200 (247ms, 8781B)
[2026-06-05T22:12:24.193Z] GET http://localhost:5173/lptg-desktop.png → 200 (?ms, 606582B)
[2026-06-05T22:12:24.193Z] GET http://localhost:5173/lptg-mobile.png → 200 (13ms, 248767B)
[2026-06-05T22:12:24.193Z] GET http://localhost:5173/lptg-privatisation.png → 200 (13ms, 539784B)
[2026-06-05T22:12:24.207Z] GET http://localhost:5173/lptg-demo.mp4 → 206 (4ms, ?B)
[2026-06-05T22:12:24.409Z] GET https://fonts.gstatic.com/s/cormorantgaramond/v21/co3bmX5slCNuHLi8bLeY9MK7whWMhyjYqXtKky2F7g.woff2 → pending (?ms, ?B)
[2026-06-05T22:12:24.409Z] GET https://fonts.gstatic.com/s/dmsans/v17/rP2Hp2ywxg089UriCZOIHTWEBlw.woff2 → pending (?ms, ?B)
[2026-06-05T22:31:59.433Z] GET blob:http://localhost:5173/18cf97cc-5767-4986-af76-5c9931686af4 → pending (?ms, ?B)
